Obtaining file:///C:/Users/31552/AppData/Local/Temp/p0m_clean_clone_smoke/worktree
  Installing build dependencies: started
  Installing build dependencies: finished with status 'done'
  Checking if build backend supports build_editable: started
  Checking if build backend supports build_editable: finished with status 'done'
  Getting requirements to build editable: started
  Getting requirements to build editable: finished with status 'done'
  Preparing editable metadata (pyproject.toml): started
  Preparing editable metadata (pyproject.toml): finished with status 'done'
Collecting streamlit>=1.35 (from expert-skill-deployment-prototype==0.1.0)
  Using cached streamlit-1.58.0-py3-none-any.whl.metadata (9.6 kB)
Collecting pytest>=8.0 (from expert-skill-deployment-prototype==0.1.0)
  Using cached pytest-9.0.3-py3-none-any.whl.metadata (7.6 kB)
Collecting ruff>=0.8 (from expert-skill-deployment-prototype==0.1.0)
  Downloading ruff-0.15.17-py3-none-win_amd64.whl.metadata (27 kB)
Collecting colorama>=0.4 (from pytest>=8.0->expert-skill-deployment-prototype==0.1.0)
  Using cached colorama-0.4.6-py2.py3-none-any.whl.metadata (17 kB)
Collecting iniconfig>=1.0.1 (from pytest>=8.0->expert-skill-deployment-prototype==0.1.0)
  Using cached iniconfig-2.3.0-py3-none-any.whl.metadata (2.5 kB)
Collecting packaging>=22 (from pytest>=8.0->expert-skill-deployment-prototype==0.1.0)
  Using cached packaging-26.2-py3-none-any.whl.metadata (3.5 kB)
Collecting pluggy<2,>=1.5 (from pytest>=8.0->expert-skill-deployment-prototype==0.1.0)
  Using cached pluggy-1.6.0-py3-none-any.whl.metadata (4.8 kB)
Collecting pygments>=2.7.2 (from pytest>=8.0->expert-skill-deployment-prototype==0.1.0)
  Using cached pygments-2.20.0-py3-none-any.whl.metadata (2.5 kB)
Collecting altair!=5.4.0,!=5.4.1,<7,>=4.0 (from streamlit>=1.35->expert-skill-deployment-prototype==0.1.0)
  Using cached altair-6.2.1-py3-none-any.whl.metadata (11 kB)
Collecting blinker<2,>=1.5.0 (from streamlit>=1.35->expert-skill-deployment-prototype==0.1.0)
  Using cached blinker-1.9.0-py3-none-any.whl.metadata (1.6 kB)
Collecting cachetools<8,>=5.5 (from streamlit>=1.35->expert-skill-deployment-prototype==0.1.0)
  Using cached cachetools-7.1.4-py3-none-any.whl.metadata (5.5 kB)
Collecting click<9,>=7.0 (from streamlit>=1.35->expert-skill-deployment-prototype==0.1.0)
  Using cached click-8.4.1-py3-none-any.whl.metadata (2.6 kB)
Collecting gitpython!=3.1.19,<4,>=3.0.7 (from streamlit>=1.35->expert-skill-deployment-prototype==0.1.0)
  Using cached gitpython-3.1.50-py3-none-any.whl.metadata (14 kB)
Collecting numpy<3,>=1.23 (from streamlit>=1.35->expert-skill-deployment-prototype==0.1.0)
  Using cached numpy-2.4.6-cp313-cp313-win_amd64.whl.metadata (6.6 kB)
Collecting pandas<4,>=1.4.0 (from streamlit>=1.35->expert-skill-deployment-prototype==0.1.0)
  Using cached pandas-3.0.3-cp313-cp313-win_amd64.whl.metadata (19 kB)
Collecting pillow<13,>=7.1.0 (from streamlit>=1.35->expert-skill-deployment-prototype==0.1.0)
  Using cached pillow-12.2.0-cp313-cp313-win_amd64.whl.metadata (9.0 kB)
Collecting pydeck<1,>=0.8.0b4 (from streamlit>=1.35->expert-skill-deployment-prototype==0.1.0)
  Using cached pydeck-0.9.2-py2.py3-none-any.whl.metadata (4.2 kB)
Collecting protobuf<8,>=3.20 (from streamlit>=1.35->expert-skill-deployment-prototype==0.1.0)
  Downloading protobuf-7.35.1-cp310-abi3-win_amd64.whl.metadata (595 bytes)
Collecting pyarrow>=7.0 (from streamlit>=1.35->expert-skill-deployment-prototype==0.1.0)
  Using cached pyarrow-24.0.0-cp313-cp313-win_amd64.whl.metadata (3.0 kB)
Collecting requests<3,>=2.27 (from streamlit>=1.35->expert-skill-deployment-prototype==0.1.0)
  Using cached requests-2.34.2-py3-none-any.whl.metadata (4.8 kB)
Collecting tenacity<10,>=8.1.0 (from streamlit>=1.35->expert-skill-deployment-prototype==0.1.0)
  Using cached tenacity-9.1.4-py3-none-any.whl.metadata (1.2 kB)
Collecting toml<2,>=0.10.1 (from streamlit>=1.35->expert-skill-deployment-prototype==0.1.0)
  Using cached toml-0.10.2-py2.py3-none-any.whl.metadata (7.1 kB)
Collecting typing-extensions<5,>=4.10.0 (from streamlit>=1.35->expert-skill-deployment-prototype==0.1.0)
  Using cached typing_extensions-4.15.0-py3-none-any.whl.metadata (3.3 kB)
Collecting starlette>=0.40.0 (from streamlit>=1.35->expert-skill-deployment-prototype==0.1.0)
  Downloading starlette-1.3.1-py3-none-any.whl.metadata (6.4 kB)
Collecting uvicorn>=0.30.0 (from streamlit>=1.35->expert-skill-deployment-prototype==0.1.0)
  Using cached uvicorn-0.49.0-py3-none-any.whl.metadata (6.7 kB)
Collecting httptools>=0.6.3 (from streamlit>=1.35->expert-skill-deployment-prototype==0.1.0)
  Using cached httptools-0.8.0-cp313-cp313-win_amd64.whl.metadata (3.7 kB)
Collecting anyio>=4.0.0 (from streamlit>=1.35->expert-skill-deployment-prototype==0.1.0)
  Using cached anyio-4.13.0-py3-none-any.whl.metadata (4.5 kB)
Collecting python-multipart>=0.0.10 (from streamlit>=1.35->expert-skill-deployment-prototype==0.1.0)
  Using cached python_multipart-0.0.32-py3-none-any.whl.metadata (2.1 kB)
Collecting websockets>=12.0.0 (from streamlit>=1.35->expert-skill-deployment-prototype==0.1.0)
  Using cached websockets-16.0-cp313-cp313-win_amd64.whl.metadata (7.0 kB)
Collecting itsdangerous>=2.1.2 (from streamlit>=1.35->expert-skill-deployment-prototype==0.1.0)
  Using cached itsdangerous-2.2.0-py3-none-any.whl.metadata (1.9 kB)
Collecting watchdog<7,>=2.1.5 (from streamlit>=1.35->expert-skill-deployment-prototype==0.1.0)
  Using cached watchdog-6.0.0-py3-none-win_amd64.whl.metadata (44 kB)
Collecting jinja2 (from altair!=5.4.0,!=5.4.1,<7,>=4.0->streamlit>=1.35->expert-skill-deployment-prototype==0.1.0)
  Using cached jinja2-3.1.6-py3-none-any.whl.metadata (2.9 kB)
Collecting jsonschema>=3.0 (from altair!=5.4.0,!=5.4.1,<7,>=4.0->streamlit>=1.35->expert-skill-deployment-prototype==0.1.0)
  Using cached jsonschema-4.26.0-py3-none-any.whl.metadata (7.6 kB)
Collecting narwhals>=2.4.0 (from altair!=5.4.0,!=5.4.1,<7,>=4.0->streamlit>=1.35->expert-skill-deployment-prototype==0.1.0)
  Using cached narwhals-2.22.1-py3-none-any.whl.metadata (15 kB)
Collecting gitdb<5,>=4.0.1 (from gitpython!=3.1.19,<4,>=3.0.7->streamlit>=1.35->expert-skill-deployment-prototype==0.1.0)
  Using cached gitdb-4.0.12-py3-none-any.whl.metadata (1.2 kB)
Collecting smmap<6,>=3.0.1 (from gitdb<5,>=4.0.1->gitpython!=3.1.19,<4,>=3.0.7->streamlit>=1.35->expert-skill-deployment-prototype==0.1.0)
  Using cached smmap-5.0.3-py3-none-any.whl.metadata (4.6 kB)
Collecting python-dateutil>=2.8.2 (from pandas<4,>=1.4.0->streamlit>=1.35->expert-skill-deployment-prototype==0.1.0)
  Using cached python_dateutil-2.9.0.post0-py2.py3-none-any.whl.metadata (8.4 kB)
Collecting tzdata (from pandas<4,>=1.4.0->streamlit>=1.35->expert-skill-deployment-prototype==0.1.0)
  Using cached tzdata-2026.2-py2.py3-none-any.whl.metadata (1.4 kB)
Collecting charset_normalizer<4,>=2 (from requests<3,>=2.27->streamlit>=1.35->expert-skill-deployment-prototype==0.1.0)
  Using cached charset_normalizer-3.4.7-cp313-cp313-win_amd64.whl.metadata (41 kB)
Collecting idna<4,>=2.5 (from requests<3,>=2.27->streamlit>=1.35->expert-skill-deployment-prototype==0.1.0)
  Using cached idna-3.18-py3-none-any.whl.metadata (6.1 kB)
Collecting urllib3<3,>=1.26 (from requests<3,>=2.27->streamlit>=1.35->expert-skill-deployment-prototype==0.1.0)
  Using cached urllib3-2.7.0-py3-none-any.whl.metadata (6.9 kB)
Collecting certifi>=2023.5.7 (from requests<3,>=2.27->streamlit>=1.35->expert-skill-deployment-prototype==0.1.0)
  Using cached certifi-2026.5.20-py3-none-any.whl.metadata (2.5 kB)
Collecting MarkupSafe>=2.0 (from jinja2->altair!=5.4.0,!=5.4.1,<7,>=4.0->streamlit>=1.35->expert-skill-deployment-prototype==0.1.0)
  Using cached markupsafe-3.0.3-cp313-cp313-win_amd64.whl.metadata (2.8 kB)
Collecting attrs>=22.2.0 (from jsonschema>=3.0->altair!=5.4.0,!=5.4.1,<7,>=4.0->streamlit>=1.35->expert-skill-deployment-prototype==0.1.0)
  Using cached attrs-26.1.0-py3-none-any.whl.metadata (8.8 kB)
Collecting jsonschema-specifications>=2023.03.6 (from jsonschema>=3.0->altair!=5.4.0,!=5.4.1,<7,>=4.0->streamlit>=1.35->expert-skill-deployment-prototype==0.1.0)
  Using cached jsonschema_specifications-2025.9.1-py3-none-any.whl.metadata (2.9 kB)
Collecting referencing>=0.28.4 (from jsonschema>=3.0->altair!=5.4.0,!=5.4.1,<7,>=4.0->streamlit>=1.35->expert-skill-deployment-prototype==0.1.0)
  Using cached referencing-0.37.0-py3-none-any.whl.metadata (2.8 kB)
Collecting rpds-py>=0.25.0 (from jsonschema>=3.0->altair!=5.4.0,!=5.4.1,<7,>=4.0->streamlit>=1.35->expert-skill-deployment-prototype==0.1.0)
  Using cached rpds_py-2026.5.1-cp313-cp313-win_amd64.whl.metadata (4.2 kB)
Collecting six>=1.5 (from python-dateutil>=2.8.2->pandas<4,>=1.4.0->streamlit>=1.35->expert-skill-deployment-prototype==0.1.0)
  Using cached six-1.17.0-py2.py3-none-any.whl.metadata (1.7 kB)
Collecting h11>=0.8 (from uvicorn>=0.30.0->streamlit>=1.35->expert-skill-deployment-prototype==0.1.0)
  Using cached h11-0.16.0-py3-none-any.whl.metadata (8.3 kB)
Using cached pytest-9.0.3-py3-none-any.whl (375 kB)
Using cached pluggy-1.6.0-py3-none-any.whl (20 kB)
Using cached colorama-0.4.6-py2.py3-none-any.whl (25 kB)
Using cached iniconfig-2.3.0-py3-none-any.whl (7.5 kB)
Using cached packaging-26.2-py3-none-any.whl (100 kB)
Using cached pygments-2.20.0-py3-none-any.whl (1.2 MB)
Downloading ruff-0.15.17-py3-none-win_amd64.whl (12.1 MB)
   ---------------------------------------- 12.1/12.1 MB 5.6 MB/s  0:00:03
Using cached streamlit-1.58.0-py3-none-any.whl (9.2 MB)
Using cached altair-6.2.1-py3-none-any.whl (797 kB)
Using cached blinker-1.9.0-py3-none-any.whl (8.5 kB)
Using cached cachetools-7.1.4-py3-none-any.whl (16 kB)
Using cached click-8.4.1-py3-none-any.whl (116 kB)
Using cached gitpython-3.1.50-py3-none-any.whl (212 kB)
Using cached gitdb-4.0.12-py3-none-any.whl (62 kB)
Using cached numpy-2.4.6-cp313-cp313-win_amd64.whl (12.3 MB)
Using cached pandas-3.0.3-cp313-cp313-win_amd64.whl (9.8 MB)
Using cached pillow-12.2.0-cp313-cp313-win_amd64.whl (7.1 MB)
Downloading protobuf-7.35.1-cp310-abi3-win_amd64.whl (439 kB)
Using cached pydeck-0.9.2-py2.py3-none-any.whl (11.3 MB)
Using cached requests-2.34.2-py3-none-any.whl (73 kB)
Using cached charset_normalizer-3.4.7-cp313-cp313-win_amd64.whl (158 kB)
Using cached idna-3.18-py3-none-any.whl (65 kB)
Using cached smmap-5.0.3-py3-none-any.whl (24 kB)
Using cached tenacity-9.1.4-py3-none-any.whl (28 kB)
Using cached toml-0.10.2-py2.py3-none-any.whl (16 kB)
Using cached typing_extensions-4.15.0-py3-none-any.whl (44 kB)
Using cached urllib3-2.7.0-py3-none-any.whl (131 kB)
Using cached watchdog-6.0.0-py3-none-win_amd64.whl (79 kB)
Using cached anyio-4.13.0-py3-none-any.whl (114 kB)
Using cached certifi-2026.5.20-py3-none-any.whl (134 kB)
Using cached httptools-0.8.0-cp313-cp313-win_amd64.whl (90 kB)
Using cached itsdangerous-2.2.0-py3-none-any.whl (16 kB)
Using cached jinja2-3.1.6-py3-none-any.whl (134 kB)
Using cached jsonschema-4.26.0-py3-none-any.whl (90 kB)
Using cached attrs-26.1.0-py3-none-any.whl (67 kB)
Using cached jsonschema_specifications-2025.9.1-py3-none-any.whl (18 kB)
Using cached markupsafe-3.0.3-cp313-cp313-win_amd64.whl (15 kB)
Using cached narwhals-2.22.1-py3-none-any.whl (454 kB)
Using cached pyarrow-24.0.0-cp313-cp313-win_amd64.whl (27.3 MB)
Using cached python_dateutil-2.9.0.post0-py2.py3-none-any.whl (229 kB)
Using cached python_multipart-0.0.32-py3-none-any.whl (30 kB)
Using cached referencing-0.37.0-py3-none-any.whl (26 kB)
Using cached rpds_py-2026.5.1-cp313-cp313-win_amd64.whl (228 kB)
Using cached six-1.17.0-py2.py3-none-any.whl (11 kB)
Downloading starlette-1.3.1-py3-none-any.whl (73 kB)
Using cached uvicorn-0.49.0-py3-none-any.whl (71 kB)
Using cached h11-0.16.0-py3-none-any.whl (37 kB)
Using cached websockets-16.0-cp313-cp313-win_amd64.whl (178 kB)
Using cached tzdata-2026.2-py2.py3-none-any.whl (349 kB)
Building wheels for collected packages: expert-skill-deployment-prototype
  Building editable for expert-skill-deployment-prototype (pyproject.toml): started
  Building editable for expert-skill-deployment-prototype (pyproject.toml): finished with status 'done'
  Created wheel for expert-skill-deployment-prototype: filename=expert_skill_deployment_prototype-0.1.0-0.editable-py3-none-any.whl size=4282 sha256=611b6a7c862bbe174d02976ea4bae2221b5313ccf8465e161f5fbe306d30486e
  Stored in directory: C:\Users\31552\AppData\Local\Temp\pip-ephem-wheel-cache-q4wg1wv6\wheels\ec\e4\8d\b1168f644f356d0b63caedcb50a803ce54cd2a4d5ef6d33348
Successfully built expert-skill-deployment-prototype
Installing collected packages: websockets, watchdog, urllib3, tzdata, typing-extensions, toml, tenacity, smmap, six, ruff, rpds-py, python-multipart, pygments, pyarrow, protobuf, pluggy, pillow, packaging, numpy, narwhals, MarkupSafe, itsdangerous, iniconfig, idna, httptools, h11, colorama, charset_normalizer, certifi, cachetools, blinker, attrs, requests, referencing, python-dateutil, pytest, jinja2, gitdb, click, anyio, uvicorn, starlette, pydeck, pandas, jsonschema-specifications, gitpython, jsonschema, altair, streamlit, expert-skill-deployment-prototype

Successfully installed MarkupSafe-3.0.3 altair-6.2.1 anyio-4.13.0 attrs-26.1.0 blinker-1.9.0 cachetools-7.1.4 certifi-2026.5.20 charset_normalizer-3.4.7 click-8.4.1 colorama-0.4.6 expert-skill-deployment-prototype-0.1.0 gitdb-4.0.12 gitpython-3.1.50 h11-0.16.0 httptools-0.8.0 idna-3.18 iniconfig-2.3.0 itsdangerous-2.2.0 jinja2-3.1.6 jsonschema-4.26.0 jsonschema-specifications-2025.9.1 narwhals-2.22.1 numpy-2.4.6 packaging-26.2 pandas-3.0.3 pillow-12.2.0 pluggy-1.6.0 protobuf-7.35.1 pyarrow-24.0.0 pydeck-0.9.2 pygments-2.20.0 pytest-9.0.3 python-dateutil-2.9.0.post0 python-multipart-0.0.32 referencing-0.37.0 requests-2.34.2 rpds-py-2026.5.1 ruff-0.15.17 six-1.17.0 smmap-5.0.3 starlette-1.3.1 streamlit-1.58.0 tenacity-9.1.4 toml-0.10.2 typing-extensions-4.15.0 tzdata-2026.2 urllib3-2.7.0 uvicorn-0.49.0 watchdog-6.0.0 websockets-16.0
